<?xml version="1.0" encoding="UTF-8"?>
<testng-results skipped="0" failed="0" ignored="0" total="1" passed="1">
  <reporter-output>
  </reporter-output>
  <suite name="Suite" duration-ms="22674" started-at="2020-05-19T07:22:57Z" finished-at="2020-05-19T07:23:20Z">
    <groups>
    </groups>
    <test name="Test" duration-ms="22674" started-at="2020-05-19T07:22:57Z" finished-at="2020-05-19T07:23:20Z">
      <class name="com.tests.LoginTest">
        <test-method status="PASS" signature="start()[pri:0, instance:com.tests.LoginTest@3daa422a]" name="start" is-config="true" duration-ms="206" started-at="2020-05-19T12:52:57Z" finished-at="2020-05-19T12:52:57Z">
          <reporter-output>
          </reporter-output>
        </test-method> <!-- start -->
        <test-method status="PASS" signature="springTestContextBeforeTestClass()[pri:0, instance:com.tests.LoginTest@3daa422a]" name="springTestContextBeforeTestClass" is-config="true" duration-ms="2" started-at="2020-05-19T12:52:57Z" finished-at="2020-05-19T12:52:57Z">
          <reporter-output>
          </reporter-output>
        </test-method> <!-- springTestContextBeforeTestClass -->
        <test-method status="PASS" signature="springTestContextPrepareTestInstance()[pri:0, instance:com.tests.LoginTest@3daa422a]" name="springTestContextPrepareTestInstance" is-config="true" duration-ms="743" started-at="2020-05-19T12:52:57Z" depends-on-methods="org.springframework.test.context.testng.AbstractTestNGSpringContextTests.springTestContextBeforeTestClass" finished-at="2020-05-19T12:52:58Z">
          <reporter-output>
          </reporter-output>
        </test-method> <!-- springTestContextPrepareTestInstance -->
        <test-method status="PASS" signature="springTestContextBeforeTestMethod(java.lang.reflect.Method)[pri:0, instance:com.tests.LoginTest@3daa422a]" name="springTestContextBeforeTestMethod" is-config="true" duration-ms="3" started-at="2020-05-19T12:52:58Z" finished-at="2020-05-19T12:52:58Z">
          <params>
            <param index="0">
              <value>
                <![CDATA[public void com.tests.LoginTest.testLoginFunctionality() throws java.lang.InterruptedException]]>
              </value>
            </param>
          </params>
          <reporter-output>
          </reporter-output>
        </test-method> <!-- springTestContextBeforeTestMethod -->
        <test-method status="PASS" signature="init(java.lang.reflect.Method)[pri:0, instance:com.tests.LoginTest@3daa422a]" name="init" is-config="true" duration-ms="7972" started-at="2020-05-19T12:52:58Z" finished-at="2020-05-19T12:53:06Z">
          <params>
            <param index="0">
              <value>
                <![CDATA[public void com.tests.LoginTest.testLoginFunctionality() throws java.lang.InterruptedException]]>
              </value>
            </param>
          </params>
          <reporter-output>
          </reporter-output>
        </test-method> <!-- init -->
        <test-method status="PASS" signature="onStart()[pri:0, instance:com.tests.LoginTest@3daa422a]" name="onStart" is-config="true" duration-ms="2" started-at="2020-05-19T12:53:06Z" finished-at="2020-05-19T12:53:06Z">
          <reporter-output>
          </reporter-output>
        </test-method> <!-- onStart -->
        <test-method status="PASS" signature="testLoginFunctionality()[pri:0, instance:com.tests.LoginTest@3daa422a]" name="testLoginFunctionality" duration-ms="13134" started-at="2020-05-19T12:53:06Z" finished-at="2020-05-19T12:53:19Z">
          <reporter-output>
          </reporter-output>
        </test-method> <!-- testLoginFunctionality -->
        <test-method status="PASS" signature="tearDown(org.testng.ITestResult)[pri:0, instance:com.tests.LoginTest@3daa422a]" name="tearDown" is-config="true" duration-ms="785" started-at="2020-05-19T12:53:19Z" finished-at="2020-05-19T12:53:20Z">
          <params>
            <param index="0">
              <value>
                <![CDATA[[TestResult name=testLoginFunctionality status=SUCCESS method=LoginTest.testLoginFunctionality()[pri:0, instance:com.tests.LoginTest@3daa422a] output={null}]]]>
              </value>
            </param>
          </params>
          <reporter-output>
          </reporter-output>
        </test-method> <!-- tearDown -->
        <test-method status="PASS" signature="springTestContextAfterTestMethod(java.lang.reflect.Method)[pri:0, instance:com.tests.LoginTest@3daa422a]" name="springTestContextAfterTestMethod" is-config="true" duration-ms="2" started-at="2020-05-19T12:53:20Z" finished-at="2020-05-19T12:53:20Z">
          <params>
            <param index="0">
              <value>
                <![CDATA[public void com.tests.LoginTest.testLoginFunctionality() throws java.lang.InterruptedException]]>
              </value>
            </param>
          </params>
          <reporter-output>
          </reporter-output>
        </test-method> <!-- springTestContextAfterTestMethod -->
        <test-method status="PASS" signature="springTestContextAfterTestClass()[pri:0, instance:com.tests.LoginTest@3daa422a]" name="springTestContextAfterTestClass" is-config="true" duration-ms="1" started-at="2020-05-19T12:53:20Z" finished-at="2020-05-19T12:53:20Z">
          <reporter-output>
          </reporter-output>
        </test-method> <!-- springTestContextAfterTestClass -->
        <test-method status="PASS" signature="end()[pri:0, instance:com.tests.LoginTest@3daa422a]" name="end" is-config="true" duration-ms="403" started-at="2020-05-19T12:53:20Z" finished-at="2020-05-19T12:53:21Z">
          <reporter-output>
          </reporter-output>
        </test-method> <!-- end -->
      </class> <!-- com.tests.LoginTest -->
    </test> <!-- Test -->
  </suite> <!-- Suite -->
</testng-results>
