<?xml version="1.0" encoding="UTF-8"?>
<testng-results skipped="0" failed="1" ignored="2" total="5" passed="2">
  <reporter-output>
  </reporter-output>
  <suite name="Suite" duration-ms="92933" started-at="2020-05-17T11:59:08Z" finished-at="2020-05-17T12:00:41Z">
    <groups>
    </groups>
    <test name="Test" duration-ms="92933" started-at="2020-05-17T11:59:08Z" finished-at="2020-05-17T12:00:41Z">
      <class name="com.tests.HomePageTest">
        <test-method status="PASS" signature="start()[pri:0, instance:com.tests.HomePageTest@3427b02d]" name="start" is-config="true" duration-ms="264" started-at="2020-05-17T17:29:08Z" finished-at="2020-05-17T17:29:08Z">
          <reporter-output>
          </reporter-output>
        </test-method> <!-- start -->
        <test-method status="PASS" signature="springTestContextBeforeTestClass()[pri:0, instance:com.tests.HomePageTest@3427b02d]" name="springTestContextBeforeTestClass" is-config="true" duration-ms="4" started-at="2020-05-17T17:29:08Z" finished-at="2020-05-17T17:29:08Z">
          <reporter-output>
          </reporter-output>
        </test-method> <!-- springTestContextBeforeTestClass -->
        <test-method status="PASS" signature="springTestContextPrepareTestInstance()[pri:0, instance:com.tests.HomePageTest@3427b02d]" name="springTestContextPrepareTestInstance" is-config="true" duration-ms="635" started-at="2020-05-17T17:29:08Z" depends-on-methods="org.springframework.test.context.testng.AbstractTestNGSpringContextTests.springTestContextBeforeTestClass" finished-at="2020-05-17T17:29:09Z">
          <reporter-output>
          </reporter-output>
        </test-method> <!-- springTestContextPrepareTestInstance -->
        <test-method status="PASS" signature="springTestContextBeforeTestMethod(java.lang.reflect.Method)[pri:0, instance:com.tests.HomePageTest@3427b02d]" name="springTestContextBeforeTestMethod" is-config="true" duration-ms="1" started-at="2020-05-17T17:29:09Z" finished-at="2020-05-17T17:29:09Z">
          <params>
            <param index="0">
              <value>
                <![CDATA[public void com.tests.HomePageTest.testButtonClick() throws java.lang.InterruptedException]]>
              </value>
            </param>
          </params>
          <reporter-output>
          </reporter-output>
        </test-method> <!-- springTestContextBeforeTestMethod -->
        <test-method status="PASS" signature="init(java.lang.reflect.Method)[pri:0, instance:com.tests.HomePageTest@3427b02d]" name="init" is-config="true" duration-ms="45916" started-at="2020-05-17T17:29:09Z" finished-at="2020-05-17T17:29:55Z">
          <params>
            <param index="0">
              <value>
                <![CDATA[public void com.tests.HomePageTest.testButtonClick() throws java.lang.InterruptedException]]>
              </value>
            </param>
          </params>
          <reporter-output>
          </reporter-output>
        </test-method> <!-- init -->
        <test-method status="PASS" signature="testButtonClick()[pri:0, instance:com.tests.HomePageTest@3427b02d]" name="testButtonClick" duration-ms="23781" started-at="2020-05-17T17:29:55Z" finished-at="2020-05-17T17:30:19Z">
          <reporter-output>
          </reporter-output>
        </test-method> <!-- testButtonClick -->
        <test-method status="PASS" signature="onStart()[pri:0, instance:com.tests.HomePageTest@3427b02d]" name="onStart" is-config="true" duration-ms="0" started-at="2020-05-17T17:29:55Z" finished-at="2020-05-17T17:29:55Z">
          <reporter-output>
          </reporter-output>
        </test-method> <!-- onStart -->
        <test-method status="PASS" signature="tearDown(org.testng.ITestResult)[pri:0, instance:com.tests.HomePageTest@3427b02d]" name="tearDown" is-config="true" duration-ms="1033" started-at="2020-05-17T17:30:19Z" finished-at="2020-05-17T17:30:20Z">
          <params>
            <param index="0">
              <value>
                <![CDATA[[TestResult name=testButtonClick status=SUCCESS method=HomePageTest.testButtonClick()[pri:0, instance:com.tests.HomePageTest@3427b02d] output={null}]]]>
              </value>
            </param>
          </params>
          <reporter-output>
          </reporter-output>
        </test-method> <!-- tearDown -->
        <test-method status="PASS" signature="springTestContextAfterTestMethod(java.lang.reflect.Method)[pri:0, instance:com.tests.HomePageTest@3427b02d]" name="springTestContextAfterTestMethod" is-config="true" duration-ms="1" started-at="2020-05-17T17:30:20Z" finished-at="2020-05-17T17:30:20Z">
          <params>
            <param index="0">
              <value>
                <![CDATA[public void com.tests.HomePageTest.testButtonClick() throws java.lang.InterruptedException]]>
              </value>
            </param>
          </params>
          <reporter-output>
          </reporter-output>
        </test-method> <!-- springTestContextAfterTestMethod -->
        <test-method status="PASS" signature="springTestContextBeforeTestMethod(java.lang.reflect.Method)[pri:0, instance:com.tests.HomePageTest@3427b02d]" name="springTestContextBeforeTestMethod" is-config="true" duration-ms="1" started-at="2020-05-17T17:30:20Z" finished-at="2020-05-17T17:30:20Z">
          <params>
            <param index="0">
              <value>
                <![CDATA[public void com.tests.HomePageTest.testNavigationLogin() throws java.lang.InterruptedException]]>
              </value>
            </param>
          </params>
          <reporter-output>
          </reporter-output>
        </test-method> <!-- springTestContextBeforeTestMethod -->
        <test-method status="PASS" signature="init(java.lang.reflect.Method)[pri:0, instance:com.tests.HomePageTest@3427b02d]" name="init" is-config="true" duration-ms="8929" started-at="2020-05-17T17:30:20Z" finished-at="2020-05-17T17:30:29Z">
          <params>
            <param index="0">
              <value>
                <![CDATA[public void com.tests.HomePageTest.testNavigationLogin() throws java.lang.InterruptedException]]>
              </value>
            </param>
          </params>
          <reporter-output>
          </reporter-output>
        </test-method> <!-- init -->
        <test-method status="FAIL" signature="testNavigationLogin()[pri:0, instance:com.tests.HomePageTest@3427b02d]" name="testNavigationLogin" duration-ms="10861" started-at="2020-05-17T17:30:29Z" finished-at="2020-05-17T17:30:40Z">
          <exception class="org.openqa.selenium.NoSuchElementException">
            <message>
              <![CDATA[no such element: Unable to locate element: {"method":"css selector","selector":"#text"}
  (Session info: chrome=81.0.4044.138)
For documentation on this error, please visit: http://seleniumhq.org/exceptions/no_such_element.html
Build info: version: '3.14.0', revision: 'aacccce0', time: '2018-08-02T20:19:58.91Z'
System info: host: 'KESHAV-PC', ip: '169.254.226.165', os.name: 'Windows 10', os.arch: 'amd64', os.version: '10.0', java.version: '1.8.0_221'
Driver info: org.openqa.selenium.chrome.ChromeDriver
Capabilities {acceptInsecureCerts: false, browserName: chrome, browserVersion: 81.0.4044.138, chrome: {chromedriverVersion: 81.0.4044.138 (8c6c7ba89cc9..., userDataDir: C:\Users\Keshav\AppData\Loc...}, goog:chromeOptions: {debuggerAddress: localhost:50771}, javascriptEnabled: true, networkConnectionEnabled: false, pageLoadStrategy: normal, platform: WINDOWS, platformName: WINDOWS, proxy: Proxy(), setWindowRect: true, strictFileInteractability: false, timeouts: {implicit: 0, pageLoad: 300000, script: 30000}, unhandledPromptBehavior: dismiss and notify, webauthn:virtualAuthenticators: true}
Session ID: 462506abf73314059f2917fede3ad27a
*** Element info: {Using=id, value=text}]]>
            </message>
            <full-stacktrace>
              <![CDATA[org.openqa.selenium.NoSuchElementException: no such element: Unable to locate element: {"method":"css selector","selector":"#text"}
  (Session info: chrome=81.0.4044.138)
For documentation on this error, please visit: http://seleniumhq.org/exceptions/no_such_element.html
Build info: version: '3.14.0', revision: 'aacccce0', time: '2018-08-02T20:19:58.91Z'
System info: host: 'KESHAV-PC', ip: '169.254.226.165', os.name: 'Windows 10', os.arch: 'amd64', os.version: '10.0', java.version: '1.8.0_221'
Driver info: org.openqa.selenium.chrome.ChromeDriver
Capabilities {acceptInsecureCerts: false, browserName: chrome, browserVersion: 81.0.4044.138, chrome: {chromedriverVersion: 81.0.4044.138 (8c6c7ba89cc9..., userDataDir: C:\Users\Keshav\AppData\Loc...}, goog:chromeOptions: {debuggerAddress: localhost:50771}, javascriptEnabled: true, networkConnectionEnabled: false, pageLoadStrategy: normal, platform: WINDOWS, platformName: WINDOWS, proxy: Proxy(), setWindowRect: true, strictFileInteractability: false, timeouts: {implicit: 0, pageLoad: 300000, script: 30000}, unhandledPromptBehavior: dismiss and notify, webauthn:virtualAuthenticators: true}
Session ID: 462506abf73314059f2917fede3ad27a
*** Element info: {Using=id, value=text}
	at sun.reflect.NativeConstructorAccessorImpl.newInstance0(Native Method)
	at sun.reflect.NativeConstructorAccessorImpl.newInstance(Unknown Source)
	at sun.reflect.DelegatingConstructorAccessorImpl.newInstance(Unknown Source)
	at java.lang.reflect.Constructor.newInstance(Unknown Source)
	at org.openqa.selenium.remote.http.W3CHttpResponseCodec.createException(W3CHttpResponseCodec.java:187)
	at org.openqa.selenium.remote.http.W3CHttpResponseCodec.decode(W3CHttpResponseCodec.java:122)
	at org.openqa.selenium.remote.http.W3CHttpResponseCodec.decode(W3CHttpResponseCodec.java:49)
	at org.openqa.selenium.remote.HttpCommandExecutor.execute(HttpCommandExecutor.java:158)
	at org.openqa.selenium.remote.service.DriverCommandExecutor.execute(DriverCommandExecutor.java:83)
	at org.openqa.selenium.remote.RemoteWebDriver.execute(RemoteWebDriver.java:548)
	at org.openqa.selenium.remote.RemoteWebDriver.findElement(RemoteWebDriver.java:322)
	at org.openqa.selenium.remote.RemoteWebDriver.findElementById(RemoteWebDriver.java:368)
	at org.openqa.selenium.By$ById.findElement(By.java:188)
	at org.openqa.selenium.remote.RemoteWebDriver.findElement(RemoteWebDriver.java:314)
	at org.openqa.selenium.support.pagefactory.DefaultElementLocator.findElement(DefaultElementLocator.java:69)
	at org.openqa.selenium.support.pagefactory.internal.LocatingElementHandler.invoke(LocatingElementHandler.java:38)
	at com.sun.proxy.$Proxy25.isDisplayed(Unknown Source)
	at com.pageobjects.LoginPage.isInputUserNameDisplayed(LoginPage.java:26)
	at com.tests.HomePageTest.testNavigationLogin(HomePageTest.java:34)
	at sun.reflect.NativeMethodAccessorImpl.invoke0(Native Method)
	at sun.reflect.NativeMethodAccessorImpl.invoke(Unknown Source)
	at sun.reflect.DelegatingMethodAccessorImpl.invoke(Unknown Source)
	at java.lang.reflect.Method.invoke(Unknown Source)
	at org.testng.internal.MethodInvocationHelper.invokeMethod(MethodInvocationHelper.java:104)
	at org.testng.internal.MethodInvocationHelper$1.runTestMethod(MethodInvocationHelper.java:205)
	at org.springframework.test.context.testng.AbstractTestNGSpringContextTests.run(AbstractTestNGSpringContextTests.java:180)
	at org.testng.internal.MethodInvocationHelper.invokeHookable(MethodInvocationHelper.java:217)
	at org.testng.internal.Invoker.invokeMethod(Invoker.java:641)
	at org.testng.internal.Invoker.invokeTestMethod(Invoker.java:851)
	at org.testng.internal.Invoker.invokeTestMethods(Invoker.java:1177)
	at org.testng.internal.TestMethodWorker.invokeTestMethods(TestMethodWorker.java:129)
	at org.testng.internal.TestMethodWorker.run(TestMethodWorker.java:112)
	at java.util.concurrent.ThreadPoolExecutor.runWorker(Unknown Source)
	at java.util.concurrent.ThreadPoolExecutor$Worker.run(Unknown Source)
	at java.lang.Thread.run(Unknown Source)
]]>
            </full-stacktrace>
          </exception> <!-- org.openqa.selenium.NoSuchElementException -->
          <reporter-output>
          </reporter-output>
        </test-method> <!-- testNavigationLogin -->
        <test-method status="PASS" signature="onStart()[pri:0, instance:com.tests.HomePageTest@3427b02d]" name="onStart" is-config="true" duration-ms="0" started-at="2020-05-17T17:30:29Z" finished-at="2020-05-17T17:30:29Z">
          <reporter-output>
          </reporter-output>
        </test-method> <!-- onStart -->
        <test-method status="PASS" signature="tearDown(org.testng.ITestResult)[pri:0, instance:com.tests.HomePageTest@3427b02d]" name="tearDown" is-config="true" duration-ms="714" started-at="2020-05-17T17:30:40Z" finished-at="2020-05-17T17:30:41Z">
          <params>
            <param index="0">
              <value>
                <![CDATA[[TestResult name=testNavigationLogin status=FAILURE method=HomePageTest.testNavigationLogin()[pri:0, instance:com.tests.HomePageTest@3427b02d] output={null}]]]>
              </value>
            </param>
          </params>
          <reporter-output>
          </reporter-output>
        </test-method> <!-- tearDown -->
        <test-method status="PASS" signature="springTestContextAfterTestClass()[pri:0, instance:com.tests.HomePageTest@3427b02d]" name="springTestContextAfterTestClass" is-config="true" duration-ms="0" started-at="2020-05-17T17:30:41Z" finished-at="2020-05-17T17:30:41Z">
          <reporter-output>
          </reporter-output>
        </test-method> <!-- springTestContextAfterTestClass -->
        <test-method status="PASS" signature="springTestContextAfterTestMethod(java.lang.reflect.Method)[pri:0, instance:com.tests.HomePageTest@3427b02d]" name="springTestContextAfterTestMethod" is-config="true" duration-ms="0" started-at="2020-05-17T17:30:41Z" finished-at="2020-05-17T17:30:41Z">
          <params>
            <param index="0">
              <value>
                <![CDATA[public void com.tests.HomePageTest.testNavigationLogin() throws java.lang.InterruptedException]]>
              </value>
            </param>
          </params>
          <reporter-output>
          </reporter-output>
        </test-method> <!-- springTestContextAfterTestMethod -->
        <test-method status="PASS" signature="end()[pri:0, instance:com.tests.HomePageTest@3427b02d]" name="end" is-config="true" duration-ms="1431" started-at="2020-05-17T17:30:43Z" finished-at="2020-05-17T17:30:45Z">
          <reporter-output>
          </reporter-output>
        </test-method> <!-- end -->
      </class> <!-- com.tests.HomePageTest -->
      <class name="com.tests.LoginTest">
        <test-method status="PASS" signature="springTestContextBeforeTestClass()[pri:0, instance:com.tests.LoginTest@647e447]" name="springTestContextBeforeTestClass" is-config="true" duration-ms="3" started-at="2020-05-17T17:29:08Z" finished-at="2020-05-17T17:29:08Z">
          <reporter-output>
          </reporter-output>
        </test-method> <!-- springTestContextBeforeTestClass -->
        <test-method status="PASS" signature="springTestContextPrepareTestInstance()[pri:0, instance:com.tests.LoginTest@647e447]" name="springTestContextPrepareTestInstance" is-config="true" duration-ms="636" started-at="2020-05-17T17:29:08Z" depends-on-methods="org.springframework.test.context.testng.AbstractTestNGSpringContextTests.springTestContextBeforeTestClass" finished-at="2020-05-17T17:29:09Z">
          <reporter-output>
          </reporter-output>
        </test-method> <!-- springTestContextPrepareTestInstance -->
        <test-method status="PASS" signature="springTestContextBeforeTestMethod(java.lang.reflect.Method)[pri:0, instance:com.tests.LoginTest@647e447]" name="springTestContextBeforeTestMethod" is-config="true" duration-ms="1" started-at="2020-05-17T17:29:09Z" finished-at="2020-05-17T17:29:09Z">
          <params>
            <param index="0">
              <value>
                <![CDATA[public void com.tests.LoginTest.testLoginFunctionality() throws java.lang.InterruptedException]]>
              </value>
            </param>
          </params>
          <reporter-output>
          </reporter-output>
        </test-method> <!-- springTestContextBeforeTestMethod -->
        <test-method status="PASS" signature="init(java.lang.reflect.Method)[pri:0, instance:com.tests.LoginTest@647e447]" name="init" is-config="true" duration-ms="45916" started-at="2020-05-17T17:29:09Z" finished-at="2020-05-17T17:29:55Z">
          <params>
            <param index="0">
              <value>
                <![CDATA[public void com.tests.LoginTest.testLoginFunctionality() throws java.lang.InterruptedException]]>
              </value>
            </param>
          </params>
          <reporter-output>
          </reporter-output>
        </test-method> <!-- init -->
        <test-method status="PASS" signature="testLoginFunctionality()[pri:0, instance:com.tests.LoginTest@647e447]" name="testLoginFunctionality" duration-ms="36265" started-at="2020-05-17T17:29:55Z" finished-at="2020-05-17T17:30:31Z">
          <reporter-output>
          </reporter-output>
        </test-method> <!-- testLoginFunctionality -->
        <test-method status="PASS" signature="onStart()[pri:0, instance:com.tests.LoginTest@647e447]" name="onStart" is-config="true" duration-ms="0" started-at="2020-05-17T17:29:55Z" finished-at="2020-05-17T17:29:55Z">
          <reporter-output>
          </reporter-output>
        </test-method> <!-- onStart -->
        <test-method status="PASS" signature="tearDown(org.testng.ITestResult)[pri:0, instance:com.tests.LoginTest@647e447]" name="tearDown" is-config="true" duration-ms="846" started-at="2020-05-17T17:30:31Z" finished-at="2020-05-17T17:30:32Z">
          <params>
            <param index="0">
              <value>
                <![CDATA[[TestResult name=testLoginFunctionality status=SUCCESS method=LoginTest.testLoginFunctionality()[pri:0, instance:com.tests.LoginTest@647e447] output={null}]]]>
              </value>
            </param>
          </params>
          <reporter-output>
          </reporter-output>
        </test-method> <!-- tearDown -->
        <test-method status="PASS" signature="springTestContextAfterTestMethod(java.lang.reflect.Method)[pri:0, instance:com.tests.LoginTest@647e447]" name="springTestContextAfterTestMethod" is-config="true" duration-ms="0" started-at="2020-05-17T17:30:32Z" finished-at="2020-05-17T17:30:32Z">
          <params>
            <param index="0">
              <value>
                <![CDATA[public void com.tests.LoginTest.testLoginFunctionality() throws java.lang.InterruptedException]]>
              </value>
            </param>
          </params>
          <reporter-output>
          </reporter-output>
        </test-method> <!-- springTestContextAfterTestMethod -->
        <test-method status="PASS" signature="springTestContextAfterTestClass()[pri:0, instance:com.tests.LoginTest@647e447]" name="springTestContextAfterTestClass" is-config="true" duration-ms="0" started-at="2020-05-17T17:30:32Z" finished-at="2020-05-17T17:30:32Z">
          <reporter-output>
          </reporter-output>
        </test-method> <!-- springTestContextAfterTestClass -->
      </class> <!-- com.tests.LoginTest -->
    </test> <!-- Test -->
  </suite> <!-- Suite -->
</testng-results>
